<?xml version="1.0" encoding="UTF-8"?>
<coverage generated="1543476204650" clover="3.2.0">
  <project timestamp="1543476204650" name="All files">
    <metrics statements="7" coveredstatements="6" conditionals="0" coveredconditionals="0" methods="5" coveredmethods="4" elements="12" coveredelements="10" complexity="0" loc="7" ncloc="7" packages="1" files="1" classes="1">
      <file name="demo.js" path="/Users/cttiamin/Code/es-pattern/src/vue/demo.js">
        <metrics statements="7" coveredstatements="6" conditionals="0" coveredconditionals="0" methods="5" coveredmethods="4"/>
        <line num="10" count="3" type="stmt"/>
        <line num="11" count="3" type="stmt"/>
        <line num="12" count="3" type="stmt"/>
        <line num="19" count="1" type="stmt"/>
        <line num="25" count="0" type="stmt"/>
        <line num="31" count="1" type="stmt"/>
        <line num="37" count="5" type="stmt"/>
      </file>
    </metrics>
  </project>
</coverage>
